[0m16:51:13.038374 [debug] [MainThread]: Sending event: {'category': 'dbt', 'action': 'invocation', 'label': 'start', 'context': [<snowplow_tracker.self_describing_json.SelfDescribingJson object at 0x7f0a1c2277a0>, <snowplow_tracker.self_describing_json.SelfDescribingJson object at 0x7f0a1bdc29f0>, <snowplow_tracker.self_describing_json.SelfDescribingJson object at 0x7f0a1d634500>]}


============================== 16:51:13.042224 | 5bb3b057-c292-4664-94c2-c6a3ffea8f4a ==============================
[0m16:51:13.042224 [info ] [MainThread]: Running with dbt=1.9.2
[0m16:51:13.042826 [debug] [MainThread]: running dbt with arguments {'printer_width': '80', 'indirect_selection': 'eager', 'log_cache_events': 'False', 'write_json': 'True', 'partial_parse': 'True', 'cache_selected_only': 'False', 'warn_error': 'None', 'version_check': 'True', 'profiles_dir': '/home/jaja/.dbt', 'log_path': 'logs', 'debug': 'False', 'fail_fast': 'False', 'use_colors': 'True', 'use_experimental_parser': 'False', 'no_print': 'None', 'quiet': 'False', 'empty': 'False', 'log_format': 'default', 'static_parser': 'True', 'introspect': 'True', 'warn_error_options': 'WarnErrorOptions(include=[], exclude=[])', 'target_path': 'None', 'invocation_command': 'dbt run', 'send_anonymous_usage_stats': 'True'}
[0m16:51:13.043328 [error] [MainThread]: Encountered an error:
Runtime Error
  No dbt_project.yml found at expected path /home/jaja/sharafat_project_main/dbt-project/dbt_project.yml
  Verify that each entry within packages.yml (and their transitive dependencies) contains a file named dbt_project.yml
  
[0m16:51:13.045192 [debug] [MainThread]: Resource report: {"command_name": "run", "command_success": false, "command_wall_clock_time": 0.09749727, "process_in_blocks": "0", "process_kernel_time": 0.179355, "process_mem_max_rss": "88360", "process_out_blocks": "8", "process_user_time": 1.305312}
[0m16:51:13.045645 [debug] [MainThread]: Command `dbt run` failed at 16:51:13.045542 after 0.10 seconds
[0m16:51:13.046006 [debug] [MainThread]: Sending event: {'category': 'dbt', 'action': 'invocation', 'label': 'end', 'context': [<snowplow_tracker.self_describing_json.SelfDescribingJson object at 0x7f0a1bd50bc0>, <snowplow_tracker.self_describing_json.SelfDescribingJson object at 0x7f0a1bdc29f0>, <snowplow_tracker.self_describing_json.SelfDescribingJson object at 0x7f0a1bf52240>]}
[0m16:51:13.046363 [debug] [MainThread]: Flushing usage events
[0m16:51:14.511456 [debug] [MainThread]: An error was encountered while trying to flush usage events
[0m13:48:21.391837 [debug] [MainThread]: Sending event: {'category': 'dbt', 'action': 'invocation', 'label': 'start', 'context': [<snowplow_tracker.self_describing_json.SelfDescribingJson object at 0x7fb673ff2660>, <snowplow_tracker.self_describing_json.SelfDescribingJson object at 0x7fb672deecf0>, <snowplow_tracker.self_describing_json.SelfDescribingJson object at 0x7fb67242a0c0>]}


============================== 13:48:21.396663 | 65c68c4b-746d-4e3e-9b1e-ba58a49558ee ==============================
[0m13:48:21.396663 [info ] [MainThread]: Running with dbt=1.9.2
[0m13:48:21.397267 [debug] [MainThread]: running dbt with arguments {'printer_width': '80', 'indirect_selection': 'eager', 'log_cache_events': 'False', 'write_json': 'True', 'partial_parse': 'True', 'cache_selected_only': 'False', 'warn_error': 'None', 'debug': 'False', 'version_check': 'True', 'log_path': 'logs', 'fail_fast': 'False', 'profiles_dir': '/home/jaja/.dbt', 'use_colors': 'True', 'use_experimental_parser': 'False', 'no_print': 'None', 'quiet': 'False', 'empty': 'None', 'log_format': 'default', 'introspect': 'True', 'invocation_command': 'dbt debug', 'static_parser': 'True', 'target_path': 'None', 'warn_error_options': 'WarnErrorOptions(include=[], exclude=[])', 'send_anonymous_usage_stats': 'True'}
[0m13:48:21.422855 [info ] [MainThread]: dbt version: 1.9.2
[0m13:48:21.423451 [info ] [MainThread]: python version: 3.12.9
[0m13:48:21.423815 [info ] [MainThread]: python path: /home/jaja/miniconda3/envs/dbt_env/bin/python
[0m13:48:21.424137 [info ] [MainThread]: os info: Linux-5.15.167.4-microsoft-standard-WSL2-x86_64-with-glibc2.35
[0m13:48:21.916447 [debug] [MainThread]: Spark adapter: Setting pyhive.hive logging to ERROR
[0m13:48:21.917026 [debug] [MainThread]: Spark adapter: Setting thrift.transport logging to ERROR
[0m13:48:21.917457 [debug] [MainThread]: Spark adapter: Setting thrift.protocol logging to ERROR
[0m13:48:22.534624 [info ] [MainThread]: Using profiles dir at /home/jaja/.dbt
[0m13:48:22.535212 [info ] [MainThread]: Using profiles.yml file at /home/jaja/.dbt/profiles.yml
[0m13:48:22.535943 [info ] [MainThread]: Using dbt_project.yml file at /home/jaja/sharafat_project_main/dbt-project/dbt_project.yml
[0m13:48:22.536354 [info ] [MainThread]: Configuration:
[0m13:48:22.536669 [info ] [MainThread]:   profiles.yml file [[31mERROR invalid[0m]
[0m13:48:22.536953 [info ] [MainThread]:   dbt_project.yml file [[31mERROR not found[0m]
[0m13:48:22.537390 [info ] [MainThread]: Required dependencies:
[0m13:48:22.537794 [debug] [MainThread]: Executing "git --help"
[0m13:48:22.541234 [debug] [MainThread]: STDOUT: "b"usage: git [--version] [--help] [-C <path>] [-c <name>=<value>]\n           [--exec-path[=<path>]] [--html-path] [--man-path] [--info-path]\n           [-p | --paginate | -P | --no-pager] [--no-replace-objects] [--bare]\n           [--git-dir=<path>] [--work-tree=<path>] [--namespace=<name>]\n           [--super-prefix=<path>] [--config-env=<name>=<envvar>]\n           <command> [<args>]\n\nThese are common Git commands used in various situations:\n\nstart a working area (see also: git help tutorial)\n   clone     Clone a repository into a new directory\n   init      Create an empty Git repository or reinitialize an existing one\n\nwork on the current change (see also: git help everyday)\n   add       Add file contents to the index\n   mv        Move or rename a file, a directory, or a symlink\n   restore   Restore working tree files\n   rm        Remove files from the working tree and from the index\n\nexamine the history and state (see also: git help revisions)\n   bisect    Use binary search to find the commit that introduced a bug\n   diff      Show changes between commits, commit and working tree, etc\n   grep      Print lines matching a pattern\n   log       Show commit logs\n   show      Show various types of objects\n   status    Show the working tree status\n\ngrow, mark and tweak your common history\n   branch    List, create, or delete branches\n   commit    Record changes to the repository\n   merge     Join two or more development histories together\n   rebase    Reapply commits on top of another base tip\n   reset     Reset current HEAD to the specified state\n   switch    Switch branches\n   tag       Create, list, delete or verify a tag object signed with GPG\n\ncollaborate (see also: git help workflows)\n   fetch     Download objects and refs from another repository\n   pull      Fetch from and integrate with another repository or a local branch\n   push      Update remote refs along with associated objects\n\n'git help -a' and 'git help -g' list available subcommands and some\nconcept guides. See 'git help <command>' or 'git help <concept>'\nto read about a specific subcommand or concept.\nSee 'git help git' for an overview of the system.\n""
[0m13:48:22.541662 [debug] [MainThread]: STDERR: "b''"
[0m13:48:22.541967 [info ] [MainThread]:  - git [[32mOK found[0m]

[0m13:48:22.542283 [info ] [MainThread]: Connection test skipped since no profile was found
[0m13:48:22.542621 [info ] [MainThread]: [31m2 checks failed:[0m
[0m13:48:22.542961 [info ] [MainThread]: Could not load dbt_project.yml
Profile loading failed for the following reason:
Runtime Error
  Credentials in profile "iceberg_spark", target "dev" invalid: Runtime Error
    thrift connection method requires additional dependencies. 
    Install the additional required dependencies with `pip install dbt-spark[PyHive]`


[0m13:48:22.543304 [info ] [MainThread]: Project loading failed for the following reason:
 project path </home/jaja/sharafat_project_main/dbt-project/dbt_project.yml> not found

[0m13:48:22.545299 [debug] [MainThread]: Resource report: {"command_name": "debug", "command_success": false, "command_wall_clock_time": 1.2490813, "process_in_blocks": "101232", "process_kernel_time": 0.398553, "process_mem_max_rss": "114124", "process_out_blocks": "32", "process_user_time": 1.674042}
[0m13:48:22.545861 [debug] [MainThread]: Command `dbt debug` failed at 13:48:22.545746 after 1.25 seconds
[0m13:48:22.546255 [debug] [MainThread]: Sending event: {'category': 'dbt', 'action': 'invocation', 'label': 'end', 'context': [<snowplow_tracker.self_describing_json.SelfDescribingJson object at 0x7fb672a6a780>, <snowplow_tracker.self_describing_json.SelfDescribingJson object at 0x7fb67079c770>, <snowplow_tracker.self_describing_json.SelfDescribingJson object at 0x7fb670916690>]}
[0m13:48:22.546683 [debug] [MainThread]: Flushing usage events
[0m13:48:23.866460 [debug] [MainThread]: An error was encountered while trying to flush usage events
